{"__type":"$$EventMessageAudit","id":"3125e9e3-7c72-42db-be82-14ba773ad4d3","ts":"2025-09-24T20:30:29.271+00:00","eventName":"n8n.audit.workflow.created","message":"n8n.audit.workflow.created","payload":{"userId":"0a4b80f2-5972-43bd-8c1e-288c68c243c6","_email":"eduardo.bduarte04@gmail.com","_firstName":"Eduardo","_lastName":"Duarte","globalRole":"global:owner","workflowId":"hev0sd1Zj3oxjDl9","workflowName":"My workflow"}}
{"__type":"$$EventMessageConfirm","confirm":"3125e9e3-7c72-42db-be82-14ba773ad4d3","ts":"2025-09-24T20:30:29.271+00:00","source":{"id":"0","name":"eventBus"}}
{"__type":"$$EventMessageWorkflow","id":"23e19fb3-337c-41d6-a63a-0545a460dfac","ts":"2025-09-24T20:30:29.685+00:00","eventName":"n8n.workflow.started","message":"n8n.workflow.started","payload":{"executionId":"1","workflowId":"hev0sd1Zj3oxjDl9","isManual":false,"workflowName":"My workflow"}}
{"__type":"$$EventMessageConfirm","confirm":"23e19fb3-337c-41d6-a63a-0545a460dfac","ts":"2025-09-24T20:30:29.686+00:00","source":{"id":"0","name":"eventBus"}}
{"__type":"$$EventMessageNode","id":"4af39eaa-2a90-4430-bac3-e681b9f1ab56","ts":"2025-09-24T20:30:29.689+00:00","eventName":"n8n.node.started","message":"n8n.node.started","payload":{"workflowId":"hev0sd1Zj3oxjDl9","workflowName":"My workflow","executionId":"1","nodeType":"n8n-nodes-base.manualTrigger","nodeName":"When clicking ‘Execute workflow’","nodeId":"aa3d0a49-3313-4fcb-97b4-a8b347d964ce"}}
{"__type":"$$EventMessageConfirm","confirm":"4af39eaa-2a90-4430-bac3-e681b9f1ab56","ts":"2025-09-24T20:30:29.689+00:00","source":{"id":"0","name":"eventBus"}}
{"__type":"$$EventMessageNode","id":"a74d31e3-b108-4148-846e-66d76b580db8","ts":"2025-09-24T20:30:29.698+00:00","eventName":"n8n.node.finished","message":"n8n.node.finished","payload":{"workflowId":"hev0sd1Zj3oxjDl9","workflowName":"My workflow","executionId":"1","nodeType":"n8n-nodes-base.manualTrigger","nodeName":"When clicking ‘Execute workflow’","nodeId":"aa3d0a49-3313-4fcb-97b4-a8b347d964ce"}}
{"__type":"$$EventMessageConfirm","confirm":"a74d31e3-b108-4148-846e-66d76b580db8","ts":"2025-09-24T20:30:29.698+00:00","source":{"id":"0","name":"eventBus"}}
{"__type":"$$EventMessageNode","id":"3336de90-4ced-44ec-bf7c-91367b77a8b1","ts":"2025-09-24T20:30:29.700+00:00","eventName":"n8n.node.started","message":"n8n.node.started","payload":{"workflowId":"hev0sd1Zj3oxjDl9","workflowName":"My workflow","executionId":"1","nodeType":"CUSTOM.random","nodeName":"Random","nodeId":"2b2de5aa-23d3-4e44-a097-a914c6d5b129"}}
{"__type":"$$EventMessageConfirm","confirm":"3336de90-4ced-44ec-bf7c-91367b77a8b1","ts":"2025-09-24T20:30:29.700+00:00","source":{"id":"0","name":"eventBus"}}
{"__type":"$$EventMessageNode","id":"4b943c0a-6b4b-4a67-ab7e-36b1b9e7eedd","ts":"2025-09-24T20:30:30.203+00:00","eventName":"n8n.node.finished","message":"n8n.node.finished","payload":{"workflowId":"hev0sd1Zj3oxjDl9","workflowName":"My workflow","executionId":"1","nodeType":"CUSTOM.random","nodeName":"Random","nodeId":"2b2de5aa-23d3-4e44-a097-a914c6d5b129"}}
{"__type":"$$EventMessageConfirm","confirm":"4b943c0a-6b4b-4a67-ab7e-36b1b9e7eedd","ts":"2025-09-24T20:30:30.204+00:00","source":{"id":"0","name":"eventBus"}}
{"__type":"$$EventMessageWorkflow","id":"6323c360-4a55-46ad-a96c-7e824e988483","ts":"2025-09-24T20:30:30.213+00:00","eventName":"n8n.workflow.success","message":"n8n.workflow.success","payload":{"userId":"0a4b80f2-5972-43bd-8c1e-288c68c243c6","executionId":"1","success":true,"isManual":true,"workflowId":"hev0sd1Zj3oxjDl9","workflowName":"My workflow"}}
{"__type":"$$EventMessageConfirm","confirm":"6323c360-4a55-46ad-a96c-7e824e988483","ts":"2025-09-24T20:30:30.216+00:00","source":{"id":"0","name":"eventBus"}}
{"__type":"$$EventMessageWorkflow","id":"d73cb329-a9af-4563-b2b6-1c998ddaaf9a","ts":"2025-09-24T20:33:29.228+00:00","eventName":"n8n.workflow.started","message":"n8n.workflow.started","payload":{"executionId":"2","workflowId":"hev0sd1Zj3oxjDl9","isManual":false,"workflowName":"My workflow"}}
{"__type":"$$EventMessageConfirm","confirm":"d73cb329-a9af-4563-b2b6-1c998ddaaf9a","ts":"2025-09-24T20:33:29.229+00:00","source":{"id":"0","name":"eventBus"}}
{"__type":"$$EventMessageNode","id":"4b6cd45a-26fd-461f-8f3d-67f4c60932ca","ts":"2025-09-24T20:33:29.230+00:00","eventName":"n8n.node.started","message":"n8n.node.started","payload":{"workflowId":"hev0sd1Zj3oxjDl9","workflowName":"My workflow","executionId":"2","nodeType":"CUSTOM.random","nodeName":"Random","nodeId":"2b2de5aa-23d3-4e44-a097-a914c6d5b129"}}
{"__type":"$$EventMessageConfirm","confirm":"4b6cd45a-26fd-461f-8f3d-67f4c60932ca","ts":"2025-09-24T20:33:29.230+00:00","source":{"id":"0","name":"eventBus"}}
{"__type":"$$EventMessageNode","id":"a51c667a-47ef-4ed9-b090-c4544e46e55b","ts":"2025-09-24T20:33:29.709+00:00","eventName":"n8n.node.finished","message":"n8n.node.finished","payload":{"workflowId":"hev0sd1Zj3oxjDl9","workflowName":"My workflow","executionId":"2","nodeType":"CUSTOM.random","nodeName":"Random","nodeId":"2b2de5aa-23d3-4e44-a097-a914c6d5b129"}}
{"__type":"$$EventMessageConfirm","confirm":"a51c667a-47ef-4ed9-b090-c4544e46e55b","ts":"2025-09-24T20:33:29.709+00:00","source":{"id":"0","name":"eventBus"}}
{"__type":"$$EventMessageWorkflow","id":"cfd0a051-5675-4828-ab1f-d4e3476dc059","ts":"2025-09-24T20:33:29.715+00:00","eventName":"n8n.workflow.success","message":"n8n.workflow.success","payload":{"userId":"0a4b80f2-5972-43bd-8c1e-288c68c243c6","executionId":"2","success":true,"isManual":true,"workflowId":"hev0sd1Zj3oxjDl9","workflowName":"My workflow"}}
{"__type":"$$EventMessageConfirm","confirm":"cfd0a051-5675-4828-ab1f-d4e3476dc059","ts":"2025-09-24T20:33:29.716+00:00","source":{"id":"0","name":"eventBus"}}
